[Fri, 11 Jun 2021 13:43:41 GMT] info: ----------------------------
[Fri, 11 Jun 2021 13:43:41 GMT] info: method = "GET"
[Fri, 11 Jun 2021 13:43:41 GMT] info: url = "/"
[Fri, 11 Jun 2021 13:43:41 GMT] info: body = {}
[Fri, 11 Jun 2021 13:43:41 GMT] info: query = {}
[Fri, 11 Jun 2021 13:43:41 GMT] info: ----------------------------
[Fri, 11 Jun 2021 13:43:41 GMT] error: ----------------------------
[Fri, 11 Jun 2021 13:43:41 GMT] error: error = {"name":"Not Found"}
[Fri, 11 Jun 2021 13:43:41 GMT] error: method = "GET"
[Fri, 11 Jun 2021 13:43:41 GMT] error: statusCode = "Not Found"
[Fri, 11 Jun 2021 13:43:41 GMT] error: statusCode = "Can't find / on this server!"
[Fri, 11 Jun 2021 13:43:41 GMT] error: params = {}
[Fri, 11 Jun 2021 13:43:41 GMT] error: url = "/"
[Fri, 11 Jun 2021 13:43:41 GMT] error: body = {}
[Fri, 11 Jun 2021 13:43:41 GMT] error: query = {}
[Fri, 11 Jun 2021 13:43:41 GMT] error: stack = "Not Found: Can't find / on this server!\n    at /app/src/app.ts:38:15\n    at Layer.handle [as handle_request] (/app/node_modules/express/lib/router/layer.js:95:5)\n    at next (/app/node_modules/express/lib/router/route.js:137:13)\n    at next (/app/node_modules/express/lib/router/route.js:131:14)\n    at next (/app/node_modules/express/lib/router/route.js:131:14)\n    at next (/app/node_modules/express/lib/router/route.js:131:14)\n    at next (/app/node_modules/express/lib/router/route.js:131:14)\n    at next (/app/node_modules/express/lib/router/route.js:131:14)\n    at next (/app/node_modules/express/lib/router/route.js:131:14)\n    at Route.dispatch (/app/node_modules/express/lib/router/route.js:112:3)"
[Fri, 11 Jun 2021 13:43:41 GMT] error: ----------------------------
[Fri, 11 Jun 2021 13:43:41 GMT] info: ----------------------------
[Fri, 11 Jun 2021 13:43:41 GMT] info: method = "GET"
[Fri, 11 Jun 2021 13:43:41 GMT] info: url = "/favicon.ico"
[Fri, 11 Jun 2021 13:43:41 GMT] info: body = {}
[Fri, 11 Jun 2021 13:43:41 GMT] info: query = {}
[Fri, 11 Jun 2021 13:43:41 GMT] info: ----------------------------
[Fri, 11 Jun 2021 13:43:41 GMT] error: ----------------------------
[Fri, 11 Jun 2021 13:43:41 GMT] error: error = {"name":"Not Found"}
[Fri, 11 Jun 2021 13:43:41 GMT] error: method = "GET"
[Fri, 11 Jun 2021 13:43:41 GMT] error: statusCode = "Not Found"
[Fri, 11 Jun 2021 13:43:41 GMT] error: statusCode = "Can't find /favicon.ico on this server!"
[Fri, 11 Jun 2021 13:43:41 GMT] error: params = {}
[Fri, 11 Jun 2021 13:43:41 GMT] error: url = "/favicon.ico"
[Fri, 11 Jun 2021 13:43:41 GMT] error: body = {}
[Fri, 11 Jun 2021 13:43:41 GMT] error: query = {}
[Fri, 11 Jun 2021 13:43:41 GMT] error: stack = "Not Found: Can't find /favicon.ico on this server!\n    at /app/src/app.ts:38:15\n    at Layer.handle [as handle_request] (/app/node_modules/express/lib/router/layer.js:95:5)\n    at next (/app/node_modules/express/lib/router/route.js:137:13)\n    at next (/app/node_modules/express/lib/router/route.js:131:14)\n    at next (/app/node_modules/express/lib/router/route.js:131:14)\n    at next (/app/node_modules/express/lib/router/route.js:131:14)\n    at next (/app/node_modules/express/lib/router/route.js:131:14)\n    at next (/app/node_modules/express/lib/router/route.js:131:14)\n    at next (/app/node_modules/express/lib/router/route.js:131:14)\n    at Route.dispatch (/app/node_modules/express/lib/router/route.js:112:3)"
[Fri, 11 Jun 2021 13:43:41 GMT] error: ----------------------------
[Fri, 11 Jun 2021 13:43:47 GMT] info: ----------------------------
[Fri, 11 Jun 2021 13:43:47 GMT] info: method = "GET"
[Fri, 11 Jun 2021 13:43:47 GMT] info: url = "/api/"
[Fri, 11 Jun 2021 13:43:47 GMT] info: body = {}
[Fri, 11 Jun 2021 13:43:47 GMT] info: query = {}
[Fri, 11 Jun 2021 13:43:47 GMT] info: ----------------------------
[Fri, 11 Jun 2021 13:43:47 GMT] error: ----------------------------
[Fri, 11 Jun 2021 13:43:47 GMT] error: error = {"name":"Not Found"}
[Fri, 11 Jun 2021 13:43:47 GMT] error: method = "GET"
[Fri, 11 Jun 2021 13:43:47 GMT] error: statusCode = "Not Found"
[Fri, 11 Jun 2021 13:43:47 GMT] error: statusCode = "Can't find /api/ on this server!"
[Fri, 11 Jun 2021 13:43:47 GMT] error: params = {}
[Fri, 11 Jun 2021 13:43:47 GMT] error: url = "/api/"
[Fri, 11 Jun 2021 13:43:47 GMT] error: body = {}
[Fri, 11 Jun 2021 13:43:47 GMT] error: query = {}
[Fri, 11 Jun 2021 13:43:47 GMT] error: stack = "Not Found: Can't find /api/ on this server!\n    at /app/src/app.ts:38:15\n    at Layer.handle [as handle_request] (/app/node_modules/express/lib/router/layer.js:95:5)\n    at next (/app/node_modules/express/lib/router/route.js:137:13)\n    at next (/app/node_modules/express/lib/router/route.js:131:14)\n    at next (/app/node_modules/express/lib/router/route.js:131:14)\n    at next (/app/node_modules/express/lib/router/route.js:131:14)\n    at next (/app/node_modules/express/lib/router/route.js:131:14)\n    at next (/app/node_modules/express/lib/router/route.js:131:14)\n    at next (/app/node_modules/express/lib/router/route.js:131:14)\n    at Route.dispatch (/app/node_modules/express/lib/router/route.js:112:3)"
[Fri, 11 Jun 2021 13:43:47 GMT] error: ----------------------------
[Fri, 11 Jun 2021 13:43:47 GMT] info: ----------------------------
[Fri, 11 Jun 2021 13:43:47 GMT] info: method = "GET"
[Fri, 11 Jun 2021 13:43:47 GMT] info: url = "/favicon.ico"
[Fri, 11 Jun 2021 13:43:47 GMT] info: body = {}
[Fri, 11 Jun 2021 13:43:47 GMT] info: query = {}
[Fri, 11 Jun 2021 13:43:47 GMT] info: ----------------------------
[Fri, 11 Jun 2021 13:43:47 GMT] error: ----------------------------
[Fri, 11 Jun 2021 13:43:47 GMT] error: error = {"name":"Not Found"}
[Fri, 11 Jun 2021 13:43:47 GMT] error: method = "GET"
[Fri, 11 Jun 2021 13:43:47 GMT] error: statusCode = "Not Found"
[Fri, 11 Jun 2021 13:43:47 GMT] error: statusCode = "Can't find /favicon.ico on this server!"
[Fri, 11 Jun 2021 13:43:47 GMT] error: params = {}
[Fri, 11 Jun 2021 13:43:47 GMT] error: url = "/favicon.ico"
[Fri, 11 Jun 2021 13:43:47 GMT] error: body = {}
[Fri, 11 Jun 2021 13:43:47 GMT] error: query = {}
[Fri, 11 Jun 2021 13:43:47 GMT] error: stack = "Not Found: Can't find /favicon.ico on this server!\n    at /app/src/app.ts:38:15\n    at Layer.handle [as handle_request] (/app/node_modules/express/lib/router/layer.js:95:5)\n    at next (/app/node_modules/express/lib/router/route.js:137:13)\n    at next (/app/node_modules/express/lib/router/route.js:131:14)\n    at next (/app/node_modules/express/lib/router/route.js:131:14)\n    at next (/app/node_modules/express/lib/router/route.js:131:14)\n    at next (/app/node_modules/express/lib/router/route.js:131:14)\n    at next (/app/node_modules/express/lib/router/route.js:131:14)\n    at next (/app/node_modules/express/lib/router/route.js:131:14)\n    at Route.dispatch (/app/node_modules/express/lib/router/route.js:112:3)"
[Fri, 11 Jun 2021 13:43:47 GMT] error: ----------------------------
[Fri, 11 Jun 2021 13:45:44 GMT] error: ----------------------------
[Fri, 11 Jun 2021 13:45:44 GMT] error: CRITICAL - UNCOUGHT EXCEPTION!
[Fri, 11 Jun 2021 13:45:44 GMT] error: ----------------------------
[Fri, 11 Jun 2021 13:45:44 GMT] error: Error: Oops! uncaughtException Happened!
    at Object.<anonymous> (/app/src/app.ts:27:7)
    at Module._compile (internal/modules/cjs/loader.js:1068:30)
    at Module.m._compile (/app/node_modules/ts-node/src/index.ts:1295:23)
    at Module._extensions..js (internal/modules/cjs/loader.js:1097:10)
    at Object.require.extensions.<computed> [as .ts] (/app/node_modules/ts-node/src/index.ts:1298:12)
    at Module.load (internal/modules/cjs/loader.js:933:32)
    at Function.Module._load (internal/modules/cjs/loader.js:774:14)
    at Module.require (internal/modules/cjs/loader.js:957:19)
    at require (internal/modules/cjs/helpers.js:88:18)
    at Object.<anonymous> (/app/src/server.ts:1:1)
[Sat, 12 Jun 2021 03:49:07 GMT] error: ----------------------------
[Sat, 12 Jun 2021 03:49:07 GMT] error: CRITICAL - UNCOUGHT EXCEPTION!
[Sat, 12 Jun 2021 03:49:07 GMT] error: ----------------------------
[Sat, 12 Jun 2021 03:49:07 GMT] error: Error: Oops! uncaughtException Happened!
    at Object.<anonymous> (/app/src/app.ts:27:7)
    at Module._compile (internal/modules/cjs/loader.js:1068:30)
    at Module.m._compile (/app/node_modules/ts-node/src/index.ts:1295:23)
    at Module._extensions..js (internal/modules/cjs/loader.js:1097:10)
    at Object.require.extensions.<computed> [as .ts] (/app/node_modules/ts-node/src/index.ts:1298:12)
    at Module.load (internal/modules/cjs/loader.js:933:32)
    at Function.Module._load (internal/modules/cjs/loader.js:774:14)
    at Module.require (internal/modules/cjs/loader.js:957:19)
    at require (internal/modules/cjs/helpers.js:88:18)
    at Object.<anonymous> (/app/src/server.ts:1:1)
[Sat, 19 Jun 2021 07:18:13 GMT] info: ----------------------------
[Sat, 19 Jun 2021 07:18:13 GMT] info: method = "GET"
[Sat, 19 Jun 2021 07:18:13 GMT] info: url = "/users"
[Sat, 19 Jun 2021 07:18:13 GMT] info: body = {}
[Sat, 19 Jun 2021 07:18:13 GMT] info: query = {}
[Sat, 19 Jun 2021 07:18:13 GMT] info: ----------------------------
[Sat, 19 Jun 2021 07:18:13 GMT] info: ----------------------------
[Sat, 19 Jun 2021 07:18:13 GMT] info: method = "POST"
[Sat, 19 Jun 2021 07:18:13 GMT] info: url = "/users"
[Sat, 19 Jun 2021 07:18:13 GMT] info: body = {"name":"TEST_USER","login":"test_user","password":"T35t_P@55w0rd"}
[Sat, 19 Jun 2021 07:18:13 GMT] info: query = {}
[Sat, 19 Jun 2021 07:18:13 GMT] info: ----------------------------
[Sat, 19 Jun 2021 07:18:13 GMT] info: ----------------------------
[Sat, 19 Jun 2021 07:18:13 GMT] info: method = "POST"
[Sat, 19 Jun 2021 07:18:13 GMT] info: url = "/users"
[Sat, 19 Jun 2021 07:18:13 GMT] info: body = {"name":"TEST_USER","login":"test_user","password":"T35t_P@55w0rd"}
[Sat, 19 Jun 2021 07:18:13 GMT] info: query = {}
[Sat, 19 Jun 2021 07:18:13 GMT] info: ----------------------------
[Sat, 19 Jun 2021 07:18:13 GMT] info: ----------------------------
[Sat, 19 Jun 2021 07:18:13 GMT] info: method = "POST"
[Sat, 19 Jun 2021 07:18:13 GMT] info: url = "/users"
[Sat, 19 Jun 2021 07:18:13 GMT] info: body = {"name":"TEST_USER","login":"test_user","password":"T35t_P@55w0rd"}
[Sat, 19 Jun 2021 07:18:13 GMT] info: query = {}
[Sat, 19 Jun 2021 07:18:13 GMT] info: ----------------------------
[Sat, 19 Jun 2021 07:18:13 GMT] info: ----------------------------
[Sat, 19 Jun 2021 07:18:13 GMT] info: method = "PUT"
[Sat, 19 Jun 2021 07:18:13 GMT] info: url = "/users/undefined"
[Sat, 19 Jun 2021 07:18:13 GMT] info: body = {"name":"Autotest updated TEST_USER","login":"test_user","password":"T35t_P@55w0rd"}
[Sat, 19 Jun 2021 07:18:13 GMT] info: query = {}
[Sat, 19 Jun 2021 07:18:13 GMT] info: ----------------------------
[Sat, 19 Jun 2021 07:18:13 GMT] info: ----------------------------
[Sat, 19 Jun 2021 07:18:13 GMT] info: method = "POST"
[Sat, 19 Jun 2021 07:18:13 GMT] info: url = "/users"
[Sat, 19 Jun 2021 07:18:13 GMT] info: body = {"name":"TEST_USER","login":"test_user","password":"T35t_P@55w0rd"}
[Sat, 19 Jun 2021 07:18:13 GMT] info: query = {}
[Sat, 19 Jun 2021 07:18:13 GMT] info: ----------------------------
[Sat, 19 Jun 2021 07:18:13 GMT] info: ----------------------------
[Sat, 19 Jun 2021 07:18:13 GMT] info: method = "DELETE"
[Sat, 19 Jun 2021 07:18:13 GMT] info: url = "/users/undefined"
[Sat, 19 Jun 2021 07:18:13 GMT] info: body = {}
[Sat, 19 Jun 2021 07:18:13 GMT] info: query = {}
[Sat, 19 Jun 2021 07:18:13 GMT] info: ----------------------------
[Sat, 19 Jun 2021 07:18:13 GMT] info: ----------------------------
[Sat, 19 Jun 2021 07:18:13 GMT] info: method = "POST"
[Sat, 19 Jun 2021 07:18:13 GMT] info: url = "/users"
[Sat, 19 Jun 2021 07:18:13 GMT] info: body = {"name":"TEST_USER","login":"test_user","password":"T35t_P@55w0rd"}
[Sat, 19 Jun 2021 07:18:13 GMT] info: query = {}
[Sat, 19 Jun 2021 07:18:13 GMT] info: ----------------------------
[Sat, 19 Jun 2021 07:18:13 GMT] info: ----------------------------
[Sat, 19 Jun 2021 07:18:13 GMT] info: method = "POST"
[Sat, 19 Jun 2021 07:18:13 GMT] info: url = "/boards"
[Sat, 19 Jun 2021 07:18:13 GMT] info: body = {"title":"Autotest board","columns":[{"title":"Backlog","order":1},{"title":"Sprint","order":2}]}
[Sat, 19 Jun 2021 07:18:13 GMT] info: query = {}
[Sat, 19 Jun 2021 07:18:13 GMT] info: ----------------------------
[Sat, 19 Jun 2021 07:18:13 GMT] info: ----------------------------
[Sat, 19 Jun 2021 07:18:13 GMT] info: method = "GET"
[Sat, 19 Jun 2021 07:18:13 GMT] info: url = "/boards"
[Sat, 19 Jun 2021 07:18:13 GMT] info: body = {}
[Sat, 19 Jun 2021 07:18:13 GMT] info: query = {}
[Sat, 19 Jun 2021 07:18:13 GMT] info: ----------------------------
[Sat, 19 Jun 2021 07:18:13 GMT] info: ----------------------------
[Sat, 19 Jun 2021 07:18:13 GMT] info: method = "GET"
[Sat, 19 Jun 2021 07:18:13 GMT] info: url = "/boards"
[Sat, 19 Jun 2021 07:18:13 GMT] info: body = {}
[Sat, 19 Jun 2021 07:18:13 GMT] info: query = {}
[Sat, 19 Jun 2021 07:18:13 GMT] info: ----------------------------
[Sat, 19 Jun 2021 07:18:13 GMT] info: ----------------------------
[Sat, 19 Jun 2021 07:18:13 GMT] info: method = "GET"
[Sat, 19 Jun 2021 07:18:13 GMT] info: url = "/boards/f7bf6483-2067-4774-b260-b7939d75aa4b"
[Sat, 19 Jun 2021 07:18:13 GMT] info: body = {}
[Sat, 19 Jun 2021 07:18:13 GMT] info: query = {}
[Sat, 19 Jun 2021 07:18:13 GMT] info: ----------------------------
[Sat, 19 Jun 2021 07:18:13 GMT] info: ----------------------------
[Sat, 19 Jun 2021 07:18:13 GMT] info: method = "POST"
[Sat, 19 Jun 2021 07:18:13 GMT] info: url = "/boards"
[Sat, 19 Jun 2021 07:18:13 GMT] info: body = {"title":"Autotest board","columns":[{"title":"Backlog","order":1},{"title":"Sprint","order":2}]}
[Sat, 19 Jun 2021 07:18:13 GMT] info: query = {}
[Sat, 19 Jun 2021 07:18:13 GMT] info: ----------------------------
[Sat, 19 Jun 2021 07:18:13 GMT] info: ----------------------------
[Sat, 19 Jun 2021 07:18:13 GMT] info: method = "DELETE"
[Sat, 19 Jun 2021 07:18:13 GMT] info: url = "/boards/b1c12592-fa26-43a1-b140-0c2ecce9d7fd"
[Sat, 19 Jun 2021 07:18:13 GMT] info: body = {}
[Sat, 19 Jun 2021 07:18:13 GMT] info: query = {}
[Sat, 19 Jun 2021 07:18:13 GMT] info: ----------------------------
[Sat, 19 Jun 2021 07:18:13 GMT] info: ----------------------------
[Sat, 19 Jun 2021 07:18:13 GMT] info: method = "POST"
[Sat, 19 Jun 2021 07:18:13 GMT] info: url = "/boards"
[Sat, 19 Jun 2021 07:18:13 GMT] info: body = {"title":"Autotest board","columns":[{"title":"Backlog","order":1},{"title":"Sprint","order":2}]}
[Sat, 19 Jun 2021 07:18:13 GMT] info: query = {}
[Sat, 19 Jun 2021 07:18:13 GMT] info: ----------------------------
[Sat, 19 Jun 2021 07:18:13 GMT] info: ----------------------------
[Sat, 19 Jun 2021 07:18:13 GMT] info: method = "PUT"
[Sat, 19 Jun 2021 07:18:13 GMT] info: url = "/boards/20224899-eec3-4e93-8aea-25cb98ff0c68"
[Sat, 19 Jun 2021 07:18:13 GMT] info: body = {"id":"20224899-eec3-4e93-8aea-25cb98ff0c68","title":"Autotest updated board","columns":[{"title":"Backlog","order":1},{"title":"Sprint","order":2}]}
[Sat, 19 Jun 2021 07:18:13 GMT] info: query = {}
[Sat, 19 Jun 2021 07:18:13 GMT] info: ----------------------------
[Sat, 19 Jun 2021 07:18:13 GMT] info: ----------------------------
[Sat, 19 Jun 2021 07:18:13 GMT] info: method = "GET"
[Sat, 19 Jun 2021 07:18:13 GMT] info: url = "/boards/20224899-eec3-4e93-8aea-25cb98ff0c68"
[Sat, 19 Jun 2021 07:18:13 GMT] info: body = {}
[Sat, 19 Jun 2021 07:18:13 GMT] info: query = {}
[Sat, 19 Jun 2021 07:18:13 GMT] info: ----------------------------
[Sat, 19 Jun 2021 07:18:13 GMT] info: ----------------------------
[Sat, 19 Jun 2021 07:18:13 GMT] info: method = "DELETE"
[Sat, 19 Jun 2021 07:18:13 GMT] info: url = "/boards/20224899-eec3-4e93-8aea-25cb98ff0c68"
[Sat, 19 Jun 2021 07:18:13 GMT] info: body = {}
[Sat, 19 Jun 2021 07:18:13 GMT] info: query = {}
[Sat, 19 Jun 2021 07:18:13 GMT] info: ----------------------------
[Sat, 19 Jun 2021 07:18:13 GMT] info: ----------------------------
[Sat, 19 Jun 2021 07:18:13 GMT] info: method = "POST"
[Sat, 19 Jun 2021 07:18:13 GMT] info: url = "/boards"
[Sat, 19 Jun 2021 07:18:13 GMT] info: body = {"title":"Autotest board","columns":[{"title":"Backlog","order":1},{"title":"Sprint","order":2}]}
[Sat, 19 Jun 2021 07:18:13 GMT] info: query = {}
[Sat, 19 Jun 2021 07:18:13 GMT] info: ----------------------------
[Sat, 19 Jun 2021 07:18:13 GMT] info: ----------------------------
[Sat, 19 Jun 2021 07:18:13 GMT] info: method = "DELETE"
[Sat, 19 Jun 2021 07:18:13 GMT] info: url = "/boards/0a6dcea1-3c29-4d13-bc17-4b3307154c27"
[Sat, 19 Jun 2021 07:18:13 GMT] info: body = {}
[Sat, 19 Jun 2021 07:18:13 GMT] info: query = {}
[Sat, 19 Jun 2021 07:18:13 GMT] info: ----------------------------
[Sat, 19 Jun 2021 07:18:13 GMT] info: ----------------------------
[Sat, 19 Jun 2021 07:18:13 GMT] info: method = "GET"
[Sat, 19 Jun 2021 07:18:13 GMT] info: url = "/boards/0a6dcea1-3c29-4d13-bc17-4b3307154c27"
[Sat, 19 Jun 2021 07:18:13 GMT] info: body = {}
[Sat, 19 Jun 2021 07:18:13 GMT] info: query = {}
[Sat, 19 Jun 2021 07:18:13 GMT] info: ----------------------------
[Sat, 19 Jun 2021 07:18:13 GMT] info: ----------------------------
[Sat, 19 Jun 2021 07:18:13 GMT] info: method = "POST"
[Sat, 19 Jun 2021 07:18:13 GMT] info: url = "/boards"
[Sat, 19 Jun 2021 07:18:13 GMT] info: body = {"title":"Autotest board","columns":[{"title":"Backlog","order":1},{"title":"Sprint","order":2}]}
[Sat, 19 Jun 2021 07:18:13 GMT] info: query = {}
[Sat, 19 Jun 2021 07:18:13 GMT] info: ----------------------------
[Sat, 19 Jun 2021 07:18:13 GMT] info: ----------------------------
[Sat, 19 Jun 2021 07:18:13 GMT] info: method = "POST"
[Sat, 19 Jun 2021 07:18:13 GMT] info: url = "/boards/b8a4a668-5281-4fcd-94b0-bcc02a403bc1/tasks"
[Sat, 19 Jun 2021 07:18:13 GMT] info: body = {"title":"Task #1","order":1,"description":"Lorem ipsum","boardId":"b8a4a668-5281-4fcd-94b0-bcc02a403bc1","userId":null,"columnId":null}
[Sat, 19 Jun 2021 07:18:13 GMT] info: query = {}
[Sat, 19 Jun 2021 07:18:13 GMT] info: ----------------------------
[Sat, 19 Jun 2021 07:18:13 GMT] info: ----------------------------
[Sat, 19 Jun 2021 07:18:13 GMT] info: method = "POST"
[Sat, 19 Jun 2021 07:18:13 GMT] info: url = "/boards/b8a4a668-5281-4fcd-94b0-bcc02a403bc1/tasks"
[Sat, 19 Jun 2021 07:18:13 GMT] info: body = {"title":"Task #2","order":2,"description":"Lorem ipsum","boardId":"b8a4a668-5281-4fcd-94b0-bcc02a403bc1","userId":null,"columnId":null}
[Sat, 19 Jun 2021 07:18:13 GMT] info: query = {}
[Sat, 19 Jun 2021 07:18:13 GMT] info: ----------------------------
[Sat, 19 Jun 2021 07:18:13 GMT] info: ----------------------------
[Sat, 19 Jun 2021 07:18:13 GMT] info: method = "POST"
[Sat, 19 Jun 2021 07:18:13 GMT] info: url = "/boards/b8a4a668-5281-4fcd-94b0-bcc02a403bc1/tasks"
[Sat, 19 Jun 2021 07:18:13 GMT] info: body = {"title":"Task #5","order":5,"description":"Lorem ipsum","boardId":"b8a4a668-5281-4fcd-94b0-bcc02a403bc1","userId":null,"columnId":null}
[Sat, 19 Jun 2021 07:18:13 GMT] info: query = {}
[Sat, 19 Jun 2021 07:18:13 GMT] info: ----------------------------
[Sat, 19 Jun 2021 07:18:13 GMT] info: ----------------------------
[Sat, 19 Jun 2021 07:18:13 GMT] info: method = "POST"
[Sat, 19 Jun 2021 07:18:13 GMT] info: url = "/boards/b8a4a668-5281-4fcd-94b0-bcc02a403bc1/tasks"
[Sat, 19 Jun 2021 07:18:13 GMT] info: body = {"title":"Task #3","order":3,"description":"Lorem ipsum","boardId":"b8a4a668-5281-4fcd-94b0-bcc02a403bc1","userId":null,"columnId":null}
[Sat, 19 Jun 2021 07:18:13 GMT] info: query = {}
[Sat, 19 Jun 2021 07:18:13 GMT] info: ----------------------------
[Sat, 19 Jun 2021 07:18:13 GMT] info: ----------------------------
[Sat, 19 Jun 2021 07:18:13 GMT] info: method = "POST"
[Sat, 19 Jun 2021 07:18:13 GMT] info: url = "/boards/b8a4a668-5281-4fcd-94b0-bcc02a403bc1/tasks"
[Sat, 19 Jun 2021 07:18:13 GMT] info: body = {"title":"Task #4","order":4,"description":"Lorem ipsum","boardId":"b8a4a668-5281-4fcd-94b0-bcc02a403bc1","userId":null,"columnId":null}
[Sat, 19 Jun 2021 07:18:13 GMT] info: query = {}
[Sat, 19 Jun 2021 07:18:13 GMT] info: ----------------------------
[Sat, 19 Jun 2021 07:18:13 GMT] info: ----------------------------
[Sat, 19 Jun 2021 07:18:13 GMT] info: method = "GET"
[Sat, 19 Jun 2021 07:18:13 GMT] info: url = "/boards/b8a4a668-5281-4fcd-94b0-bcc02a403bc1/tasks/8796a44b-1efc-403d-93bc-856f03c24aaa"
[Sat, 19 Jun 2021 07:18:13 GMT] info: body = {}
[Sat, 19 Jun 2021 07:18:13 GMT] info: query = {}
[Sat, 19 Jun 2021 07:18:13 GMT] info: ----------------------------
[Sat, 19 Jun 2021 07:18:13 GMT] info: ----------------------------
[Sat, 19 Jun 2021 07:18:13 GMT] info: method = "GET"
[Sat, 19 Jun 2021 07:18:13 GMT] info: url = "/boards/b8a4a668-5281-4fcd-94b0-bcc02a403bc1/tasks/182446bc-8149-4913-8fa5-a4d998525150"
[Sat, 19 Jun 2021 07:18:13 GMT] info: body = {}
[Sat, 19 Jun 2021 07:18:13 GMT] info: query = {}
[Sat, 19 Jun 2021 07:18:13 GMT] info: ----------------------------
[Sat, 19 Jun 2021 07:18:13 GMT] info: ----------------------------
[Sat, 19 Jun 2021 07:18:13 GMT] info: method = "GET"
[Sat, 19 Jun 2021 07:18:13 GMT] info: url = "/boards/b8a4a668-5281-4fcd-94b0-bcc02a403bc1/tasks/b384e100-222d-4f1b-9bc1-dd9dda38e59e"
[Sat, 19 Jun 2021 07:18:13 GMT] info: body = {}
[Sat, 19 Jun 2021 07:18:13 GMT] info: query = {}
[Sat, 19 Jun 2021 07:18:13 GMT] info: ----------------------------
[Sat, 19 Jun 2021 07:18:13 GMT] info: ----------------------------
[Sat, 19 Jun 2021 07:18:13 GMT] info: method = "GET"
[Sat, 19 Jun 2021 07:18:13 GMT] info: url = "/boards/b8a4a668-5281-4fcd-94b0-bcc02a403bc1/tasks/ae2a26fd-4f7e-43f1-99e3-bbc46fe015dd"
[Sat, 19 Jun 2021 07:18:13 GMT] info: body = {}
[Sat, 19 Jun 2021 07:18:13 GMT] info: query = {}
[Sat, 19 Jun 2021 07:18:13 GMT] info: ----------------------------
[Sat, 19 Jun 2021 07:18:13 GMT] info: ----------------------------
[Sat, 19 Jun 2021 07:18:13 GMT] info: method = "GET"
[Sat, 19 Jun 2021 07:18:13 GMT] info: url = "/boards/b8a4a668-5281-4fcd-94b0-bcc02a403bc1/tasks/2a09d282-15e2-4114-8ddb-bb3c3508ba1c"
[Sat, 19 Jun 2021 07:18:13 GMT] info: body = {}
[Sat, 19 Jun 2021 07:18:13 GMT] info: query = {}
[Sat, 19 Jun 2021 07:18:13 GMT] info: ----------------------------
[Sat, 19 Jun 2021 07:18:13 GMT] info: ----------------------------
[Sat, 19 Jun 2021 07:18:13 GMT] info: method = "DELETE"
[Sat, 19 Jun 2021 07:18:13 GMT] info: url = "/boards/b8a4a668-5281-4fcd-94b0-bcc02a403bc1"
[Sat, 19 Jun 2021 07:18:13 GMT] info: body = {}
[Sat, 19 Jun 2021 07:18:13 GMT] info: query = {}
[Sat, 19 Jun 2021 07:18:13 GMT] info: ----------------------------
[Sat, 19 Jun 2021 07:18:13 GMT] info: ----------------------------
[Sat, 19 Jun 2021 07:18:13 GMT] info: method = "GET"
[Sat, 19 Jun 2021 07:18:13 GMT] info: url = "/boards/b8a4a668-5281-4fcd-94b0-bcc02a403bc1/tasks/182446bc-8149-4913-8fa5-a4d998525150"
[Sat, 19 Jun 2021 07:18:13 GMT] info: body = {}
[Sat, 19 Jun 2021 07:18:13 GMT] info: query = {}
[Sat, 19 Jun 2021 07:18:13 GMT] info: ----------------------------
[Sat, 19 Jun 2021 07:18:13 GMT] info: ----------------------------
[Sat, 19 Jun 2021 07:18:13 GMT] info: method = "GET"
[Sat, 19 Jun 2021 07:18:13 GMT] info: url = "/boards/b8a4a668-5281-4fcd-94b0-bcc02a403bc1/tasks/8796a44b-1efc-403d-93bc-856f03c24aaa"
[Sat, 19 Jun 2021 07:18:13 GMT] info: body = {}
[Sat, 19 Jun 2021 07:18:13 GMT] info: query = {}
[Sat, 19 Jun 2021 07:18:13 GMT] info: ----------------------------
[Sat, 19 Jun 2021 07:18:13 GMT] info: ----------------------------
[Sat, 19 Jun 2021 07:18:13 GMT] info: method = "GET"
[Sat, 19 Jun 2021 07:18:13 GMT] info: url = "/boards/b8a4a668-5281-4fcd-94b0-bcc02a403bc1/tasks/b384e100-222d-4f1b-9bc1-dd9dda38e59e"
[Sat, 19 Jun 2021 07:18:13 GMT] info: body = {}
[Sat, 19 Jun 2021 07:18:13 GMT] info: query = {}
[Sat, 19 Jun 2021 07:18:13 GMT] info: ----------------------------
[Sat, 19 Jun 2021 07:18:13 GMT] info: ----------------------------
[Sat, 19 Jun 2021 07:18:13 GMT] info: method = "GET"
[Sat, 19 Jun 2021 07:18:13 GMT] info: url = "/boards/b8a4a668-5281-4fcd-94b0-bcc02a403bc1/tasks/ae2a26fd-4f7e-43f1-99e3-bbc46fe015dd"
[Sat, 19 Jun 2021 07:18:13 GMT] info: body = {}
[Sat, 19 Jun 2021 07:18:13 GMT] info: query = {}
[Sat, 19 Jun 2021 07:18:13 GMT] info: ----------------------------
[Sat, 19 Jun 2021 07:18:13 GMT] info: ----------------------------
[Sat, 19 Jun 2021 07:18:13 GMT] info: method = "GET"
[Sat, 19 Jun 2021 07:18:13 GMT] info: url = "/boards/b8a4a668-5281-4fcd-94b0-bcc02a403bc1/tasks/2a09d282-15e2-4114-8ddb-bb3c3508ba1c"
[Sat, 19 Jun 2021 07:18:13 GMT] info: body = {}
[Sat, 19 Jun 2021 07:18:13 GMT] info: query = {}
[Sat, 19 Jun 2021 07:18:13 GMT] info: ----------------------------
[Sat, 19 Jun 2021 07:18:13 GMT] info: ----------------------------
[Sat, 19 Jun 2021 07:18:13 GMT] info: method = "DELETE"
[Sat, 19 Jun 2021 07:18:13 GMT] info: url = "/boards/f7bf6483-2067-4774-b260-b7939d75aa4b"
[Sat, 19 Jun 2021 07:18:13 GMT] info: body = {}
[Sat, 19 Jun 2021 07:18:13 GMT] info: query = {}
[Sat, 19 Jun 2021 07:18:13 GMT] info: ----------------------------
[Sat, 19 Jun 2021 07:18:14 GMT] info: ----------------------------
[Sat, 19 Jun 2021 07:18:14 GMT] info: method = "POST"
[Sat, 19 Jun 2021 07:18:14 GMT] info: url = "/boards"
[Sat, 19 Jun 2021 07:18:14 GMT] info: body = {"title":"Autotest board","columns":[{"title":"Backlog","order":1},{"title":"Sprint","order":2}]}
[Sat, 19 Jun 2021 07:18:14 GMT] info: query = {}
[Sat, 19 Jun 2021 07:18:14 GMT] info: ----------------------------
[Sat, 19 Jun 2021 07:18:14 GMT] info: ----------------------------
[Sat, 19 Jun 2021 07:18:14 GMT] info: method = "POST"
[Sat, 19 Jun 2021 07:18:14 GMT] info: url = "/boards/d5b0c2c5-e140-4da9-9ea7-a3229b05a9dc/tasks"
[Sat, 19 Jun 2021 07:18:14 GMT] info: body = {"title":"Autotest task","order":0,"description":"Lorem ipsum","userId":null,"boardId":null,"columnId":null}
[Sat, 19 Jun 2021 07:18:14 GMT] info: query = {}
[Sat, 19 Jun 2021 07:18:14 GMT] info: ----------------------------
[Sat, 19 Jun 2021 07:18:14 GMT] info: ----------------------------
[Sat, 19 Jun 2021 07:18:14 GMT] info: method = "GET"
[Sat, 19 Jun 2021 07:18:14 GMT] info: url = "/boards/d5b0c2c5-e140-4da9-9ea7-a3229b05a9dc/tasks"
[Sat, 19 Jun 2021 07:18:14 GMT] info: body = {}
[Sat, 19 Jun 2021 07:18:14 GMT] info: query = {}
[Sat, 19 Jun 2021 07:18:14 GMT] info: ----------------------------
[Sat, 19 Jun 2021 07:18:14 GMT] info: ----------------------------
[Sat, 19 Jun 2021 07:18:14 GMT] info: method = "GET"
[Sat, 19 Jun 2021 07:18:14 GMT] info: url = "/boards/d5b0c2c5-e140-4da9-9ea7-a3229b05a9dc/tasks"
[Sat, 19 Jun 2021 07:18:14 GMT] info: body = {}
[Sat, 19 Jun 2021 07:18:14 GMT] info: query = {}
[Sat, 19 Jun 2021 07:18:14 GMT] info: ----------------------------
[Sat, 19 Jun 2021 07:18:14 GMT] info: ----------------------------
[Sat, 19 Jun 2021 07:18:14 GMT] info: method = "GET"
[Sat, 19 Jun 2021 07:18:14 GMT] info: url = "/boards/d5b0c2c5-e140-4da9-9ea7-a3229b05a9dc/tasks/dbde4012-c945-453b-98ab-3252428ed3b2"
[Sat, 19 Jun 2021 07:18:14 GMT] info: body = {}
[Sat, 19 Jun 2021 07:18:14 GMT] info: query = {}
[Sat, 19 Jun 2021 07:18:14 GMT] info: ----------------------------
[Sat, 19 Jun 2021 07:18:14 GMT] info: ----------------------------
[Sat, 19 Jun 2021 07:18:14 GMT] info: method = "POST"
[Sat, 19 Jun 2021 07:18:14 GMT] info: url = "/boards/d5b0c2c5-e140-4da9-9ea7-a3229b05a9dc/tasks"
[Sat, 19 Jun 2021 07:18:14 GMT] info: body = {"title":"Autotest task","order":0,"description":"Lorem ipsum","userId":null,"boardId":null,"columnId":null}
[Sat, 19 Jun 2021 07:18:14 GMT] info: query = {}
[Sat, 19 Jun 2021 07:18:14 GMT] info: ----------------------------
[Sat, 19 Jun 2021 07:18:14 GMT] info: ----------------------------
[Sat, 19 Jun 2021 07:18:14 GMT] info: method = "DELETE"
[Sat, 19 Jun 2021 07:18:14 GMT] info: url = "/boards/d5b0c2c5-e140-4da9-9ea7-a3229b05a9dc/tasks/3b2c42c4-3e45-435e-9daf-13add98f5b74"
[Sat, 19 Jun 2021 07:18:14 GMT] info: body = {}
[Sat, 19 Jun 2021 07:18:14 GMT] info: query = {}
[Sat, 19 Jun 2021 07:18:14 GMT] info: ----------------------------
[Sat, 19 Jun 2021 07:18:14 GMT] info: ----------------------------
[Sat, 19 Jun 2021 07:18:14 GMT] info: method = "POST"
[Sat, 19 Jun 2021 07:18:14 GMT] info: url = "/boards/d5b0c2c5-e140-4da9-9ea7-a3229b05a9dc/tasks"
[Sat, 19 Jun 2021 07:18:14 GMT] info: body = {"title":"Autotest task","order":0,"description":"Lorem ipsum","userId":null,"boardId":null,"columnId":null}
[Sat, 19 Jun 2021 07:18:14 GMT] info: query = {}
[Sat, 19 Jun 2021 07:18:14 GMT] info: ----------------------------
[Sat, 19 Jun 2021 07:18:14 GMT] info: ----------------------------
[Sat, 19 Jun 2021 07:18:14 GMT] info: method = "PUT"
[Sat, 19 Jun 2021 07:18:14 GMT] info: url = "/boards/d5b0c2c5-e140-4da9-9ea7-a3229b05a9dc/tasks/a94b5b6f-8d3c-4f4d-8a72-d48a4ed3925f"
[Sat, 19 Jun 2021 07:18:14 GMT] info: body = {"id":"a94b5b6f-8d3c-4f4d-8a72-d48a4ed3925f","title":"Autotest updated task","order":0,"description":"Lorem ipsum","userId":null,"boardId":"d5b0c2c5-e140-4da9-9ea7-a3229b05a9dc","columnId":null}
[Sat, 19 Jun 2021 07:18:14 GMT] info: query = {}
[Sat, 19 Jun 2021 07:18:14 GMT] info: ----------------------------
[Sat, 19 Jun 2021 07:18:14 GMT] info: ----------------------------
[Sat, 19 Jun 2021 07:18:14 GMT] info: method = "GET"
[Sat, 19 Jun 2021 07:18:14 GMT] info: url = "/boards/d5b0c2c5-e140-4da9-9ea7-a3229b05a9dc/tasks/a94b5b6f-8d3c-4f4d-8a72-d48a4ed3925f"
[Sat, 19 Jun 2021 07:18:14 GMT] info: body = {}
[Sat, 19 Jun 2021 07:18:14 GMT] info: query = {}
[Sat, 19 Jun 2021 07:18:14 GMT] info: ----------------------------
[Sat, 19 Jun 2021 07:18:14 GMT] info: ----------------------------
[Sat, 19 Jun 2021 07:18:14 GMT] info: method = "GET"
[Sat, 19 Jun 2021 07:18:14 GMT] info: url = "/boards/d5b0c2c5-e140-4da9-9ea7-a3229b05a9dc/tasks/dbde4012-c945-453b-98ab-3252428ed3b2"
[Sat, 19 Jun 2021 07:18:14 GMT] info: body = {}
[Sat, 19 Jun 2021 07:18:14 GMT] info: query = {}
[Sat, 19 Jun 2021 07:18:14 GMT] info: ----------------------------
[Sat, 19 Jun 2021 07:18:14 GMT] info: ----------------------------
[Sat, 19 Jun 2021 07:18:14 GMT] info: method = "DELETE"
[Sat, 19 Jun 2021 07:18:14 GMT] info: url = "/boards/d5b0c2c5-e140-4da9-9ea7-a3229b05a9dc/tasks/dbde4012-c945-453b-98ab-3252428ed3b2"
[Sat, 19 Jun 2021 07:18:14 GMT] info: body = {}
[Sat, 19 Jun 2021 07:18:14 GMT] info: query = {}
[Sat, 19 Jun 2021 07:18:14 GMT] info: ----------------------------
[Sat, 19 Jun 2021 07:18:14 GMT] info: ----------------------------
[Sat, 19 Jun 2021 07:18:14 GMT] info: method = "GET"
[Sat, 19 Jun 2021 07:18:14 GMT] info: url = "/boards/d5b0c2c5-e140-4da9-9ea7-a3229b05a9dc/tasks/dbde4012-c945-453b-98ab-3252428ed3b2"
[Sat, 19 Jun 2021 07:18:14 GMT] info: body = {}
[Sat, 19 Jun 2021 07:18:14 GMT] info: query = {}
[Sat, 19 Jun 2021 07:18:14 GMT] info: ----------------------------
[Sat, 19 Jun 2021 07:18:14 GMT] info: ----------------------------
[Sat, 19 Jun 2021 07:18:14 GMT] info: method = "DELETE"
[Sat, 19 Jun 2021 07:18:14 GMT] info: url = "/boards/d5b0c2c5-e140-4da9-9ea7-a3229b05a9dc"
[Sat, 19 Jun 2021 07:18:14 GMT] info: body = {}
[Sat, 19 Jun 2021 07:18:14 GMT] info: query = {}
[Sat, 19 Jun 2021 07:18:14 GMT] info: ----------------------------
